c:\users\brad\desktop\cs451\pa6\cs451-pa6\vcfiles\release\vc120.pdb
c:\users\brad\desktop\cs451\pa6\cs451-pa6\vcfiles\release\raytracer.obj
c:\users\brad\desktop\cs451\pa6\cs451-pa6\vcfiles\release\modelnode.obj
c:\users\brad\desktop\cs451\pa6\cs451-pa6\vcfiles\release\modelgraph.obj
c:\users\brad\desktop\cs451\pa6\cs451-pa6\vcfiles\release\modeledge.obj
c:\users\brad\desktop\cs451\pa6\cs451-pa6\vcfiles\release\model.obj
c:\users\brad\desktop\cs451\pa6\cs451-pa6\vcfiles\release\quaternion.obj
c:\users\brad\desktop\cs451\pa6\cs451-pa6\vcfiles\release\basic.obj
c:\users\brad\desktop\cs451\pa6\cs451-pa6\vcfiles\release\main.obj
c:\users\brad\desktop\cs451\pa6\cs451-pa6\vcfiles\release\gli.obj
c:\users\brad\desktop\cs451\cs451-pa6\vcfiles\release\vc120.pdb
c:\users\brad\desktop\cs451\cs451-pa6\vcfiles\release\raytracer.obj
c:\users\brad\desktop\cs451\cs451-pa6\vcfiles\release\modelnode.obj
c:\users\brad\desktop\cs451\cs451-pa6\vcfiles\release\modelgraph.obj
c:\users\brad\desktop\cs451\cs451-pa6\vcfiles\release\modeledge.obj
c:\users\brad\desktop\cs451\cs451-pa6\vcfiles\release\model.obj
c:\users\brad\desktop\cs451\cs451-pa6\vcfiles\release\quaternion.obj
c:\users\brad\desktop\cs451\cs451-pa6\vcfiles\release\basic.obj
c:\users\brad\desktop\cs451\cs451-pa6\vcfiles\release\main.obj
c:\users\brad\desktop\cs451\cs451-pa6\vcfiles\release\gli.obj
c:\users\brad\desktop\cs451\pa6\cs451-pa6\vcfiles\release\raytracing.exe
c:\users\brad\desktop\cs451\pa6\cs451-pa6\vcfiles\release\raytracing.pdb
c:\users\brad\desktop\cs451\cs451-pa6\vcfiles\release\raytracing.exe
c:\users\brad\desktop\cs451\cs451-pa6\vcfiles\release\raytracing.pdb
c:\users\brad\desktop\cs451\cs451-pa6\vcfiles\release\raytracing.tlog\cl.command.1.tlog
c:\users\brad\desktop\cs451\cs451-pa6\vcfiles\release\raytracing.tlog\cl.read.1.tlog
c:\users\brad\desktop\cs451\cs451-pa6\vcfiles\release\raytracing.tlog\cl.write.1.tlog
c:\users\brad\desktop\cs451\cs451-pa6\vcfiles\release\raytracing.tlog\link.command.1.tlog
c:\users\brad\desktop\cs451\cs451-pa6\vcfiles\release\raytracing.tlog\link.read.1.tlog
c:\users\brad\desktop\cs451\cs451-pa6\vcfiles\release\raytracing.tlog\link.write.1.tlog
